\BOOKMARK [1][-]{section.1}{\376\377\000D\000o\000n\000e\000\040\000s\000o\000\040\000f\000a\000r}{}% 1
\BOOKMARK [2][-]{subsection.1.1}{\376\377\000E\000x\000p\000l\000o\000r\000e\000\040\000v\000a\000r\000i\000a\000b\000l\000e\000s}{section.1}% 2
\BOOKMARK [2][-]{subsection.1.2}{\376\377\000d\000a\000t\000a\000\040\000d\000i\000c\000t\000i\000o\000n\000a\000r\000y}{section.1}% 3
\BOOKMARK [3][-]{subsubsection.1.2.1}{\376\377\000s\000t\000a\000t\000e}{subsection.1.2}% 4
\BOOKMARK [3][-]{subsubsection.1.2.2}{\376\377\000s\000t\000a\000r\000t\000d\000a\000t\000e}{subsection.1.2}% 5
\BOOKMARK [3][-]{subsubsection.1.2.3}{\376\377\000e\000n\000d\000d\000a\000t\000e}{subsection.1.2}% 6
\BOOKMARK [3][-]{subsubsection.1.2.4}{\376\377\000p\000o\000l\000l\000s\000t\000e\000r}{subsection.1.2}% 7
\BOOKMARK [3][-]{subsubsection.1.2.5}{\376\377\000g\000r\000a\000d\000e}{subsection.1.2}% 8
\BOOKMARK [3][-]{subsubsection.1.2.6}{\376\377\000s\000a\000m\000p\000l\000e\000s\000i\000z\000e}{subsection.1.2}% 9
\BOOKMARK [3][-]{subsubsection.1.2.7}{\376\377\000p\000o\000p\000u\000l\000a\000t\000i\000o\000n}{subsection.1.2}% 10
\BOOKMARK [3][-]{subsubsection.1.2.8}{\376\377\000r\000a\000w\000p\000o\000l\000l\000\137\000c\000l\000i\000n\000t\000o\000n}{subsection.1.2}% 11
\BOOKMARK [3][-]{subsubsection.1.2.9}{\376\377\000r\000a\000w\000p\000o\000l\000l\000\137\000t\000r\000u\000m\000p}{subsection.1.2}% 12
\BOOKMARK [3][-]{subsubsection.1.2.10}{\376\377\000r\000a\000w\000p\000o\000l\000l\000\137\000j\000o\000h\000n\000s\000o\000n}{subsection.1.2}% 13
\BOOKMARK [3][-]{subsubsection.1.2.11}{\376\377\000r\000a\000w\000p\000o\000l\000l\000\137\000m\000c\000m\000u\000l\000l\000i\000n}{subsection.1.2}% 14
\BOOKMARK [3][-]{subsubsection.1.2.12}{\376\377\000a\000d\000j\000p\000o\000l\000l\000\137\000c\000l\000i\000n\000t\000o\000n}{subsection.1.2}% 15
\BOOKMARK [3][-]{subsubsection.1.2.13}{\376\377\000a\000d\000j\000p\000o\000l\000l\000\137\000t\000r\000u\000m\000p}{subsection.1.2}% 16
\BOOKMARK [3][-]{subsubsection.1.2.14}{\376\377\000a\000d\000j\000p\000o\000l\000l\000\137\000j\000o\000h\000n\000s\000o\000n}{subsection.1.2}% 17
\BOOKMARK [3][-]{subsubsection.1.2.15}{\376\377\000a\000d\000j\000p\000o\000l\000l\000\137\000m\000c\000m\000u\000l\000l\000i\000n}{subsection.1.2}% 18
\BOOKMARK [1][-]{section.2}{\376\377\000P\000r\000o\000b\000l\000e\000m\000s}{}% 19
\BOOKMARK [1][-]{section.3}{\376\377\000P\000l\000a\000n\000s}{}% 20
